<?xml version="1.0" encoding="UTF-8"?>
<!-- Generated by org.testng.reporters.JUnitReportReporter -->
<testsuite skipped="0" hostname="DEV_TEST_JOYDIP" name="Test_Project.Testproject.App" tests="1" failures="0" timestamp="18 Dec 2018 08:44:21 GMT" time="0.013" errors="0">
  <testcase name="Testing" time="0.013" classname="Test_Project.Testproject.App"/>
</testsuite> <!-- Test_Project.Testproject.App -->
