<?xml version="1.0" encoding="UTF-8"?>
<!-- Generated by org.testng.reporters.JUnitReportReporter -->
<testsuite skipped="0" hostname="DEV_TEST_JOYDIP" name="Test_Project.Testproject.TestNGGroupExample" tests="7" failures="0" timestamp="11 Jan 2019 09:19:10 GMT" time="0.018" errors="0">
  <testcase name="testDelete" time="0.002" classname="Test_Project.Testproject.TestNGGroupExample"/>
  <testcase name="testUpdate" time="0.002" classname="Test_Project.Testproject.TestNGGroupExample"/>
  <testcase name="accessAdminPage" time="0.004" classname="Test_Project.Testproject.TestNGGroupExample"/>
  <testcase name="accessHomePage" time="0.002" classname="Test_Project.Testproject.TestNGGroupExample"/>
  <testcase name="testInsert" time="0.003" classname="Test_Project.Testproject.TestNGGroupExample"/>
  <testcase name="openFileDialog" time="0.004" classname="Test_Project.Testproject.TestNGGroupExample"/>
  <testcase name="openConfirmationDialog" time="0.001" classname="Test_Project.Testproject.TestNGGroupExample"/>
</testsuite> <!-- Test_Project.Testproject.TestNGGroupExample -->
