<?xml version="1.0" encoding="UTF-8"?>
<!-- Generated by org.testng.reporters.JUnitReportReporter -->
<testsuite skipped="0" hostname="DEV_TEST_JOYDIP" name="Test_Project.Testproject.NewTest" tests="3" failures="0" timestamp="11 Jan 2019 09:30:00 GMT" time="0.024" errors="0">
  <testcase name="f" time="0.015" classname="Test_Project.Testproject.NewTest"/>
  <testcase name="f2" time="0.004" classname="Test_Project.Testproject.NewTest"/>
  <testcase name="f1" time="0.005" classname="Test_Project.Testproject.NewTest"/>
</testsuite> <!-- Test_Project.Testproject.NewTest -->
